# JRE version: Java(TM) SE Runtime Environment (8.0_211-b12) (build 1.8.0_211-b12)
# Java VM: Java HotSpot(TM) 64-Bit Server VM (25.211-b12 mixed mode windows-amd64 compressed oops)
Heap:
 PSYoungGen      total 260096K, used 179432K [0x00000000eab00000, 0x00000000ffc00000, 0x0000000100000000)
  eden space 180224K, 99% used [0x00000000eab00000,0x00000000f5a1a190,0x00000000f5b00000)
  from space 79872K, 0% used [0x00000000fae00000,0x00000000fae20000,0x00000000ffc00000)
  to   space 82432K, 0% used [0x00000000f5b00000,0x00000000f5b00000,0x00000000fab80000)
 ParOldGen       total 372736K, used 274901K [0x00000000c0000000, 0x00000000d6c00000, 0x00000000eab00000)
  object space 372736K, 73% used [0x00000000c0000000,0x00000000d0c75618,0x00000000d6c00000)
 Metaspace       used 99555K, capacity 104860K, committed 105112K, reserved 1140736K
  class space    used 12511K, capacity 13637K, committed 13744K, reserved 1048576K
GC Heap History (10 events):
Event: 715.405 GC heap before
{Heap before GC invocations=66 (full 8):
 PSYoungGen      total 265728K, used 59752K [0x00000000eab00000, 0x0000000100000000, 0x0000000100000000)
  eden space 204800K, 0% used [0x00000000eab00000,0x00000000eab00000,0x00000000f7300000)
  from space 60928K, 98% used [0x00000000fc480000,0x00000000ffeda008,0x0000000100000000)
  to   space 72192K, 0% used [0x00000000f7300000,0x00000000f7300000,0x00000000fb980000)
 ParOldGen       total 259072K, used 238086K [0x00000000c0000000, 0x00000000cfd00000, 0x00000000eab00000)
  object space 259072K, 91% used [0x00000000c0000000,0x00000000ce881aa8,0x00000000cfd00000)
 Metaspace       used 99425K, capacity 104716K, committed 104856K, reserved 1140736K
  class space    used 12511K, capacity 13637K, committed 13744K, reserved 1048576K
Event: 715.613 GC heap after
Heap after GC invocations=66 (full 8):
 PSYoungGen      total 265728K, used 0K [0x00000000eab00000, 0x0000000100000000, 0x0000000100000000)
  eden space 204800K, 0% used [0x00000000eab00000,0x00000000eab00000,0x00000000f7300000)
  from space 60928K, 0% used [0x00000000fc480000,0x00000000fc480000,0x0000000100000000)
  to   space 72192K, 0% used [0x00000000f7300000,0x00000000f7300000,0x00000000fb980000)
 ParOldGen       total 372736K, used 202714K [0x00000000c0000000, 0x00000000d6c00000, 0x00000000eab00000)
  object space 372736K, 54% used [0x00000000c0000000,0x00000000cc5f6aa8,0x00000000d6c00000)
 Metaspace       used 99425K, capacity 104716K, committed 104856K, reserved 1140736K
  class space    used 12511K, capacity 13637K, committed 13744K, reserved 1048576K
}
Event: 716.598 GC heap before
{Heap before GC invocations=67 (full 8):
 PSYoungGen      total 265728K, used 204800K [0x00000000eab00000, 0x0000000100000000, 0x0000000100000000)
  eden space 204800K, 100% used [0x00000000eab00000,0x00000000f7300000,0x00000000f7300000)
  from space 60928K, 0% used [0x00000000fc480000,0x00000000fc480000,0x0000000100000000)
  to   space 72192K, 0% used [0x00000000f7300000,0x00000000f7300000,0x00000000fb980000)
 ParOldGen       total 372736K, used 202714K [0x00000000c0000000, 0x00000000d6c00000, 0x00000000eab00000)
  object space 372736K, 54% used [0x00000000c0000000,0x00000000cc5f6aa8,0x00000000d6c00000)
 Metaspace       used 99429K, capacity 104716K, committed 104856K, reserved 1140736K
  class space    used 12511K, capacity 13637K, committed 13744K, reserved 1048576K
Event: 716.601 GC heap after
Heap after GC invocations=67 (full 8):
 PSYoungGen      total 276992K, used 507K [0x00000000eab00000, 0x0000000100000000, 0x0000000100000000)
  eden space 204800K, 0% used [0x00000000eab00000,0x00000000eab00000,0x00000000f7300000)
  from space 72192K, 0% used [0x00000000f7300000,0x00000000f737ee88,0x00000000fb980000)
  to   space 71680K, 0% used [0x00000000fba00000,0x00000000fba00000,0x0000000100000000)
 ParOldGen       total 372736K, used 202714K [0x00000000c0000000, 0x00000000d6c00000, 0x00000000eab00000)
  object space 372736K, 54% used [0x00000000c0000000,0x00000000cc5f6aa8,0x00000000d6c00000)
 Metaspace       used 99429K, capacity 104716K, committed 104856K, reserved 1140736K
  class space    used 12511K, capacity 13637K, committed 13744K, reserved 1048576K
}
Event: 717.507 GC heap before
{Heap before GC invocations=68 (full 8):
 PSYoungGen      total 276992K, used 204929K [0x00000000eab00000, 0x0000000100000000, 0x0000000100000000)
  eden space 204800K, 99% used [0x00000000eab00000,0x00000000f72a1948,0x00000000f7300000)
  from space 72192K, 0% used [0x00000000f7300000,0x00000000f737ee88,0x00000000fb980000)
  to   space 71680K, 0% used [0x00000000fba00000,0x00000000fba00000,0x0000000100000000)
 ParOldGen       total 372736K, used 202714K [0x00000000c0000000, 0x00000000d6c00000, 0x00000000eab00000)
  object space 372736K, 54% used [0x00000000c0000000,0x00000000cc5f6aa8,0x00000000d6c00000)
 Metaspace       used 99437K, capacity 104724K, committed 104856K, reserved 1140736K
  class space    used 12511K, capacity 13637K, committed 13744K, reserved 1048576K
Event: 717.522 GC heap after
Heap after GC invocations=68 (full 8):
 PSYoungGen      total 250880K, used 71657K [0x00000000eab00000, 0x0000000100000000, 0x0000000100000000)
  eden space 179200K, 0% used [0x00000000eab00000,0x00000000eab00000,0x00000000f5a00000)
  from space 71680K, 99% used [0x00000000fba00000,0x00000000ffffa6f8,0x0000000100000000)
  to   space 84992K, 0% used [0x00000000f5a00000,0x00000000f5a00000,0x00000000fad00000)
 ParOldGen       total 372736K, used 204915K [0x00000000c0000000, 0x00000000d6c00000, 0x00000000eab00000)
  object space 372736K, 54% used [0x00000000c0000000,0x00000000cc81cc30,0x00000000d6c00000)
 Metaspace       used 99437K, capacity 104724K, committed 104856K, reserved 1140736K
  class space    used 12511K, capacity 13637K, committed 13744K, reserved 1048576K
}
Event: 717.685 GC heap before
{Heap before GC invocations=69 (full 8):
 PSYoungGen      total 250880K, used 250585K [0x00000000eab00000, 0x0000000100000000, 0x0000000100000000)
  eden space 179200K, 99% used [0x00000000eab00000,0x00000000f59bbef0,0x00000000f5a00000)
  from space 71680K, 99% used [0x00000000fba00000,0x00000000ffffa6f8,0x0000000100000000)
  to   space 84992K, 0% used [0x00000000f5a00000,0x00000000f5a00000,0x00000000fad00000)
 ParOldGen       total 372736K, used 204915K [0x00000000c0000000, 0x00000000d6c00000, 0x00000000eab00000)
  object space 372736K, 54% used [0x00000000c0000000,0x00000000cc81cc30,0x00000000d6c00000)
 Metaspace       used 99438K, capacity 104724K, committed 104856K, reserved 1140736K
  class space    used 12511K, capacity 13637K, committed 13744K, reserved 1048576K
Event: 717.702 GC heap after
Heap after GC invocations=69 (full 8):
 PSYoungGen      total 264192K, used 160K [0x00000000eab00000, 0x0000000100000000, 0x0000000100000000)
  eden space 179200K, 0% used [0x00000000eab00000,0x00000000eab00000,0x00000000f5a00000)
  from space 84992K, 0% used [0x00000000f5a00000,0x00000000f5a28000,0x00000000fad00000)
  to   space 83968K, 0% used [0x00000000fae00000,0x00000000fae00000,0x0000000100000000)
 ParOldGen       total 372736K, used 274869K [0x00000000c0000000, 0x00000000d6c00000, 0x00000000eab00000)
  object space 372736K, 73% used [0x00000000c0000000,0x00000000d0c6d618,0x00000000d6c00000)
 Metaspace       used 99438K, capacity 104724K, committed 104856K, reserved 1140736K
  class space    used 12511K, capacity 13637K, committed 13744K, reserved 1048576K
}
Event: 717.739 GC heap before
{Heap before GC invocations=70 (full 8):
 PSYoungGen      total 264192K, used 178338K [0x00000000eab00000, 0x0000000100000000, 0x0000000100000000)
  eden space 179200K, 99% used [0x00000000eab00000,0x00000000f5900970,0x00000000f5a00000)
  from space 84992K, 0% used [0x00000000f5a00000,0x00000000f5a28000,0x00000000fad00000)
  to   space 83968K, 0% used [0x00000000fae00000,0x00000000fae00000,0x0000000100000000)
 ParOldGen       total 372736K, used 274869K [0x00000000c0000000, 0x00000000d6c00000, 0x00000000eab00000)
  object space 372736K, 73% used [0x00000000c0000000,0x00000000d0c6d618,0x00000000d6c00000)
 Metaspace       used 99438K, capacity 104724K, committed 104856K, reserved 1140736K
  class space    used 12511K, capacity 13637K, committed 13744K, reserved 1048576K
Event: 717.742 GC heap after
Heap after GC invocations=70 (full 8):
 PSYoungGen      total 260096K, used 128K [0x00000000eab00000, 0x00000000ffc00000, 0x0000000100000000)
  eden space 180224K, 0% used [0x00000000eab00000,0x00000000eab00000,0x00000000f5b00000)
  from space 79872K, 0% used [0x00000000fae00000,0x00000000fae20000,0x00000000ffc00000)
  to   space 82432K, 0% used [0x00000000f5b00000,0x00000000f5b00000,0x00000000fab80000)
 ParOldGen       total 372736K, used 274901K [0x00000000c0000000, 0x00000000d6c00000, 0x00000000eab00000)
  object space 372736K, 73% used [0x00000000c0000000,0x00000000d0c75618,0x00000000d6c00000)
 Metaspace       used 99438K, capacity 104724K, committed 104856K, reserved 1140736K
  class space    used 12511K, capacity 13637K, committed 13744K, reserved 1048576K
}

